# JRE version: OpenJDK Runtime Environment Temurin-21.0.8+9 (21.0.8+9) (build 21.0.8+9-LTS)
# Java VM: OpenJDK 64-Bit Server VM Temurin-21.0.8+9 (21.0.8+9-LTS, mixed mode, sharing, tiered, compressed oops, compressed class ptrs, parallel gc, windows-amd64)
GC Precious Log:
 CardTable entry size: 512
 CPUs: 8 total, 8 available
 Memory: 10156M
 Large Page Support: Disabled
 NUMA Support: Disabled
 Compressed Oops: Enabled (32-bit)
 Alignments: Space 512K, Generation 512K, Heap 2M
 Heap Min Capacity: 100M
 Heap Initial Capacity: 100M
 Heap Max Capacity: 2G
 Pre-touch: Disabled
 Parallel Workers: 8
Heap:
 PSYoungGen      total 12800K, used 5526K [0x00000000d5580000, 0x00000000d6980000, 0x0000000100000000)
  eden space 7680K, 10% used [0x00000000d5580000,0x00000000d56459a0,0x00000000d5d00000)
  from space 5120K, 92% used [0x00000000d6480000,0x00000000d6920000,0x00000000d6980000)
  to   space 5632K, 0% used [0x00000000d5e80000,0x00000000d5e80000,0x00000000d6400000)
 ParOldGen       total 999936K, used 999714K [0x0000000080000000, 0x00000000bd080000, 0x00000000d5580000)
  object space 999936K, 99% used [0x0000000080000000,0x00000000bd0489c8,0x00000000bd080000)
 Metaspace       used 96864K, committed 98688K, reserved 1179648K
  class space    used 9734K, committed 10560K, reserved 1048576K
GC Heap History (20 events):
Event: 7084.745 GC heap before
{Heap before GC invocations=2757 (full 6):
 PSYoungGen      total 3072K, used 2998K [0x00000000d5580000, 0x00000000d5980000, 0x0000000100000000)
  eden space 2048K, 100% used [0x00000000d5580000,0x00000000d5780000,0x00000000d5780000)
  from space 1024K, 92% used [0x00000000d5880000,0x00000000d596d800,0x00000000d5980000)
  to   space 1024K, 0% used [0x00000000d5780000,0x00000000d5780000,0x00000000d5880000)
 ParOldGen       total 986112K, used 984689K [0x0000000080000000, 0x00000000bc300000, 0x00000000d5580000)
  object space 986112K, 99% used [0x0000000080000000,0x00000000bc19c6a8,0x00000000bc300000)
 Metaspace       used 96862K, committed 98688K, reserved 1179648K
  class space    used 9734K, committed 10560K, reserved 1048576K
}
Event: 7084.750 GC heap after
{Heap after GC invocations=2757 (full 6):
 PSYoungGen      total 3072K, used 1004K [0x00000000d5580000, 0x00000000d5f00000, 0x0000000100000000)
  eden space 2048K, 0% used [0x00000000d5580000,0x00000000d5580000,0x00000000d5780000)
  from space 1024K, 98% used [0x00000000d5780000,0x00000000d587b000,0x00000000d5880000)
  to   space 3584K, 0% used [0x00000000d5b80000,0x00000000d5b80000,0x00000000d5f00000)
 ParOldGen       total 986624K, used 986613K [0x0000000080000000, 0x00000000bc380000, 0x00000000d5580000)
  object space 986624K, 99% used [0x0000000080000000,0x00000000bc37d6c8,0x00000000bc380000)
 Metaspace       used 96862K, committed 98688K, reserved 1179648K
  class space    used 9734K, committed 10560K, reserved 1048576K
}
Event: 7084.753 GC heap before
{Heap before GC invocations=2758 (full 6):
 PSYoungGen      total 3072K, used 2414K [0x00000000d5580000, 0x00000000d5f00000, 0x0000000100000000)
  eden space 2048K, 68% used [0x00000000d5580000,0x00000000d56e0818,0x00000000d5780000)
  from space 1024K, 98% used [0x00000000d5780000,0x00000000d587b000,0x00000000d5880000)
  to   space 3584K, 0% used [0x00000000d5b80000,0x00000000d5b80000,0x00000000d5f00000)
 ParOldGen       total 986624K, used 986613K [0x0000000080000000, 0x00000000bc380000, 0x00000000d5580000)
  object space 986624K, 99% used [0x0000000080000000,0x00000000bc37d6c8,0x00000000bc380000)
 Metaspace       used 96863K, committed 98688K, reserved 1179648K
  class space    used 9734K, committed 10560K, reserved 1048576K
}
Event: 7084.757 GC heap after
{Heap after GC invocations=2758 (full 6):
 PSYoungGen      total 4096K, used 1052K [0x00000000d5580000, 0x00000000d5d00000, 0x0000000100000000)
  eden space 2560K, 0% used [0x00000000d5580000,0x00000000d5580000,0x00000000d5800000)
  from space 1536K, 68% used [0x00000000d5b80000,0x00000000d5c87010,0x00000000d5d00000)
  to   space 2048K, 0% used [0x00000000d5900000,0x00000000d5900000,0x00000000d5b00000)
 ParOldGen       total 987648K, used 987219K [0x0000000080000000, 0x00000000bc480000, 0x00000000d5580000)
  object space 987648K, 99% used [0x0000000080000000,0x00000000bc414ed8,0x00000000bc480000)
 Metaspace       used 96863K, committed 98688K, reserved 1179648K
  class space    used 9734K, committed 10560K, reserved 1048576K
}
Event: 7084.763 GC heap before
{Heap before GC invocations=2759 (full 6):
 PSYoungGen      total 4096K, used 3612K [0x00000000d5580000, 0x00000000d5d00000, 0x0000000100000000)
  eden space 2560K, 100% used [0x00000000d5580000,0x00000000d5800000,0x00000000d5800000)
  from space 1536K, 68% used [0x00000000d5b80000,0x00000000d5c87010,0x00000000d5d00000)
  to   space 2048K, 0% used [0x00000000d5900000,0x00000000d5900000,0x00000000d5b00000)
 ParOldGen       total 987648K, used 987219K [0x0000000080000000, 0x00000000bc480000, 0x00000000d5580000)
  object space 987648K, 99% used [0x0000000080000000,0x00000000bc414ed8,0x00000000bc480000)
 Metaspace       used 96863K, committed 98688K, reserved 1179648K
  class space    used 9734K, committed 10560K, reserved 1048576K
}
Event: 7084.767 GC heap after
{Heap after GC invocations=2759 (full 6):
 PSYoungGen      total 4608K, used 1174K [0x00000000d5580000, 0x00000000d5c00000, 0x0000000100000000)
  eden space 3072K, 0% used [0x00000000d5580000,0x00000000d5580000,0x00000000d5880000)
  from space 1536K, 76% used [0x00000000d5900000,0x00000000d5a25910,0x00000000d5a80000)
  to   space 1536K, 0% used [0x00000000d5a80000,0x00000000d5a80000,0x00000000d5c00000)
 ParOldGen       total 988672K, used 988140K [0x0000000080000000, 0x00000000bc580000, 0x00000000d5580000)
  object space 988672K, 99% used [0x0000000080000000,0x00000000bc4fb160,0x00000000bc580000)
 Metaspace       used 96863K, committed 98688K, reserved 1179648K
  class space    used 9734K, committed 10560K, reserved 1048576K
}
Event: 7084.775 GC heap before
{Heap before GC invocations=2760 (full 6):
 PSYoungGen      total 4608K, used 4246K [0x00000000d5580000, 0x00000000d5c00000, 0x0000000100000000)
  eden space 3072K, 100% used [0x00000000d5580000,0x00000000d5880000,0x00000000d5880000)
  from space 1536K, 76% used [0x00000000d5900000,0x00000000d5a25910,0x00000000d5a80000)
  to   space 1536K, 0% used [0x00000000d5a80000,0x00000000d5a80000,0x00000000d5c00000)
 ParOldGen       total 988672K, used 988140K [0x0000000080000000, 0x00000000bc580000, 0x00000000d5580000)
  object space 988672K, 99% used [0x0000000080000000,0x00000000bc4fb160,0x00000000bc580000)
 Metaspace       used 96864K, committed 98688K, reserved 1179648K
  class space    used 9734K, committed 10560K, reserved 1048576K
}
Event: 7084.780 GC heap after
{Heap after GC invocations=2760 (full 6):
 PSYoungGen      total 5120K, used 416K [0x00000000d5580000, 0x00000000d5b80000, 0x0000000100000000)
  eden space 4096K, 0% used [0x00000000d5580000,0x00000000d5580000,0x00000000d5980000)
  from space 1024K, 40% used [0x00000000d5a80000,0x00000000d5ae8000,0x00000000d5b80000)
  to   space 1024K, 0% used [0x00000000d5980000,0x00000000d5980000,0x00000000d5a80000)
 ParOldGen       total 990720K, used 990072K [0x0000000080000000, 0x00000000bc780000, 0x00000000d5580000)
  object space 990720K, 99% used [0x0000000080000000,0x00000000bc6de370,0x00000000bc780000)
 Metaspace       used 96864K, committed 98688K, reserved 1179648K
  class space    used 9734K, committed 10560K, reserved 1048576K
}
Event: 7084.789 GC heap before
{Heap before GC invocations=2761 (full 6):
 PSYoungGen      total 5120K, used 4512K [0x00000000d5580000, 0x00000000d5b80000, 0x0000000100000000)
  eden space 4096K, 100% used [0x00000000d5580000,0x00000000d5980000,0x00000000d5980000)
  from space 1024K, 40% used [0x00000000d5a80000,0x00000000d5ae8000,0x00000000d5b80000)
  to   space 1024K, 0% used [0x00000000d5980000,0x00000000d5980000,0x00000000d5a80000)
 ParOldGen       total 990720K, used 990072K [0x0000000080000000, 0x00000000bc780000, 0x00000000d5580000)
  object space 990720K, 99% used [0x0000000080000000,0x00000000bc6de370,0x00000000bc780000)
 Metaspace       used 96864K, committed 98688K, reserved 1179648K
  class space    used 9734K, committed 10560K, reserved 1048576K
}
Event: 7084.793 GC heap after
{Heap after GC invocations=2761 (full 6):
 PSYoungGen      total 5120K, used 704K [0x00000000d5580000, 0x00000000d5c80000, 0x0000000100000000)
  eden space 4096K, 0% used [0x00000000d5580000,0x00000000d5580000,0x00000000d5980000)
  from space 1024K, 68% used [0x00000000d5980000,0x00000000d5a30000,0x00000000d5a80000)
  to   space 1024K, 0% used [0x00000000d5b80000,0x00000000d5b80000,0x00000000d5c80000)
 ParOldGen       total 990720K, used 990388K [0x0000000080000000, 0x00000000bc780000, 0x00000000d5580000)
  object space 990720K, 99% used [0x0000000080000000,0x00000000bc72d380,0x00000000bc780000)
 Metaspace       used 96864K, committed 98688K, reserved 1179648K
  class space    used 9734K, committed 10560K, reserved 1048576K
}
Event: 7084.809 GC heap before
{Heap before GC invocations=2762 (full 6):
 PSYoungGen      total 5120K, used 4800K [0x00000000d5580000, 0x00000000d5c80000, 0x0000000100000000)
  eden space 4096K, 100% used [0x00000000d5580000,0x00000000d5980000,0x00000000d5980000)
  from space 1024K, 68% used [0x00000000d5980000,0x00000000d5a30000,0x00000000d5a80000)
  to   space 1024K, 0% used [0x00000000d5b80000,0x00000000d5b80000,0x00000000d5c80000)
 ParOldGen       total 990720K, used 990388K [0x0000000080000000, 0x00000000bc780000, 0x00000000d5580000)
  object space 990720K, 99% used [0x0000000080000000,0x00000000bc72d380,0x00000000bc780000)
 Metaspace       used 96864K, committed 98688K, reserved 1179648K
  class space    used 9734K, committed 10560K, reserved 1048576K
}
Event: 7084.813 GC heap after
{Heap after GC invocations=2762 (full 6):
 PSYoungGen      total 6144K, used 932K [0x00000000d5580000, 0x00000000d5c80000, 0x0000000100000000)
  eden space 5120K, 0% used [0x00000000d5580000,0x00000000d5580000,0x00000000d5a80000)
  from space 1024K, 91% used [0x00000000d5b80000,0x00000000d5c69210,0x00000000d5c80000)
  to   space 1024K, 0% used [0x00000000d5a80000,0x00000000d5a80000,0x00000000d5b80000)
 ParOldGen       total 991232K, used 990984K [0x0000000080000000, 0x00000000bc800000, 0x00000000d5580000)
  object space 991232K, 99% used [0x0000000080000000,0x00000000bc7c23b0,0x00000000bc800000)
 Metaspace       used 96864K, committed 98688K, reserved 1179648K
  class space    used 9734K, committed 10560K, reserved 1048576K
}
Event: 7084.830 GC heap before
{Heap before GC invocations=2763 (full 6):
 PSYoungGen      total 6144K, used 6052K [0x00000000d5580000, 0x00000000d5c80000, 0x0000000100000000)
  eden space 5120K, 100% used [0x00000000d5580000,0x00000000d5a80000,0x00000000d5a80000)
  from space 1024K, 91% used [0x00000000d5b80000,0x00000000d5c69210,0x00000000d5c80000)
  to   space 1024K, 0% used [0x00000000d5a80000,0x00000000d5a80000,0x00000000d5b80000)
 ParOldGen       total 991232K, used 990984K [0x0000000080000000, 0x00000000bc800000, 0x00000000d5580000)
  object space 991232K, 99% used [0x0000000080000000,0x00000000bc7c23b0,0x00000000bc800000)
 Metaspace       used 96864K, committed 98688K, reserved 1179648K
  class space    used 9734K, committed 10560K, reserved 1048576K
}
Event: 7084.834 GC heap after
{Heap after GC invocations=2763 (full 6):
 PSYoungGen      total 6144K, used 736K [0x00000000d5580000, 0x00000000d5d80000, 0x0000000100000000)
  eden space 5120K, 0% used [0x00000000d5580000,0x00000000d5580000,0x00000000d5a80000)
  from space 1024K, 71% used [0x00000000d5a80000,0x00000000d5b38000,0x00000000d5b80000)
  to   space 1024K, 0% used [0x00000000d5c80000,0x00000000d5c80000,0x00000000d5d80000)
 ParOldGen       total 992256K, used 991772K [0x0000000080000000, 0x00000000bc900000, 0x00000000d5580000)
  object space 992256K, 99% used [0x0000000080000000,0x00000000bc8871d0,0x00000000bc900000)
 Metaspace       used 96864K, committed 98688K, reserved 1179648K
  class space    used 9734K, committed 10560K, reserved 1048576K
}
Event: 7084.869 GC heap before
{Heap before GC invocations=2764 (full 6):
 PSYoungGen      total 6144K, used 5827K [0x00000000d5580000, 0x00000000d5d80000, 0x0000000100000000)
  eden space 5120K, 99% used [0x00000000d5580000,0x00000000d5a78d78,0x00000000d5a80000)
  from space 1024K, 71% used [0x00000000d5a80000,0x00000000d5b38000,0x00000000d5b80000)
  to   space 1024K, 0% used [0x00000000d5c80000,0x00000000d5c80000,0x00000000d5d80000)
 ParOldGen       total 992256K, used 991772K [0x0000000080000000, 0x00000000bc900000, 0x00000000d5580000)
  object space 992256K, 99% used [0x0000000080000000,0x00000000bc8871d0,0x00000000bc900000)
 Metaspace       used 96864K, committed 98688K, reserved 1179648K
  class space    used 9734K, committed 10560K, reserved 1048576K
}
Event: 7084.874 GC heap after
{Heap after GC invocations=2764 (full 6):
 PSYoungGen      total 7168K, used 608K [0x00000000d5580000, 0x00000000d5d80000, 0x0000000100000000)
  eden space 6144K, 0% used [0x00000000d5580000,0x00000000d5580000,0x00000000d5b80000)
  from space 1024K, 59% used [0x00000000d5c80000,0x00000000d5d18000,0x00000000d5d80000)
  to   space 1024K, 0% used [0x00000000d5b80000,0x00000000d5b80000,0x00000000d5c80000)
 ParOldGen       total 992768K, used 992452K [0x0000000080000000, 0x00000000bc980000, 0x00000000d5580000)
  object space 992768K, 99% used [0x0000000080000000,0x00000000bc931210,0x00000000bc980000)
 Metaspace       used 96864K, committed 98688K, reserved 1179648K
  class space    used 9734K, committed 10560K, reserved 1048576K
}
Event: 7084.892 GC heap before
{Heap before GC invocations=2765 (full 6):
 PSYoungGen      total 7168K, used 6752K [0x00000000d5580000, 0x00000000d5d80000, 0x0000000100000000)
  eden space 6144K, 100% used [0x00000000d5580000,0x00000000d5b80000,0x00000000d5b80000)
  from space 1024K, 59% used [0x00000000d5c80000,0x00000000d5d18000,0x00000000d5d80000)
  to   space 1024K, 0% used [0x00000000d5b80000,0x00000000d5b80000,0x00000000d5c80000)
 ParOldGen       total 992768K, used 992452K [0x0000000080000000, 0x00000000bc980000, 0x00000000d5580000)
  object space 992768K, 99% used [0x0000000080000000,0x00000000bc931210,0x00000000bc980000)
 Metaspace       used 96864K, committed 98688K, reserved 1179648K
  class space    used 9734K, committed 10560K, reserved 1048576K
}
Event: 7084.899 GC heap after
{Heap after GC invocations=2765 (full 6):
 PSYoungGen      total 7168K, used 1006K [0x00000000d5580000, 0x00000000d6c00000, 0x0000000100000000)
  eden space 6144K, 0% used [0x00000000d5580000,0x00000000d5580000,0x00000000d5b80000)
  from space 1024K, 98% used [0x00000000d5b80000,0x00000000d5c7ba90,0x00000000d5c80000)
  to   space 7680K, 0% used [0x00000000d6480000,0x00000000d6480000,0x00000000d6c00000)
 ParOldGen       total 998400K, used 997997K [0x0000000080000000, 0x00000000bcf00000, 0x00000000d5580000)
  object space 998400K, 99% used [0x0000000080000000,0x00000000bce9b4a8,0x00000000bcf00000)
 Metaspace       used 96864K, committed 98688K, reserved 1179648K
  class space    used 9734K, committed 10560K, reserved 1048576K
}
Event: 7084.956 GC heap before
{Heap before GC invocations=2766 (full 6):
 PSYoungGen      total 7168K, used 6518K [0x00000000d5580000, 0x00000000d6c00000, 0x0000000100000000)
  eden space 6144K, 89% used [0x00000000d5580000,0x00000000d5ae20d8,0x00000000d5b80000)
  from space 1024K, 98% used [0x00000000d5b80000,0x00000000d5c7ba90,0x00000000d5c80000)
  to   space 7680K, 0% used [0x00000000d6480000,0x00000000d6480000,0x00000000d6c00000)
 ParOldGen       total 998400K, used 997997K [0x0000000080000000, 0x00000000bcf00000, 0x00000000d5580000)
  object space 998400K, 99% used [0x0000000080000000,0x00000000bce9b4a8,0x00000000bcf00000)
 Metaspace       used 96864K, committed 98688K, reserved 1179648K
  class space    used 9734K, committed 10560K, reserved 1048576K
}
Event: 7084.963 GC heap after
{Heap after GC invocations=2766 (full 6):
 PSYoungGen      total 12800K, used 4736K [0x00000000d5580000, 0x00000000d6980000, 0x0000000100000000)
  eden space 7680K, 0% used [0x00000000d5580000,0x00000000d5580000,0x00000000d5d00000)
  from space 5120K, 92% used [0x00000000d6480000,0x00000000d6920000,0x00000000d6980000)
  to   space 5632K, 0% used [0x00000000d5e80000,0x00000000d5e80000,0x00000000d6400000)
 ParOldGen       total 999936K, used 999714K [0x0000000080000000, 0x00000000bd080000, 0x00000000d5580000)
  object space 999936K, 99% used [0x0000000080000000,0x00000000bd0489c8,0x00000000bd080000)
 Metaspace       used 96864K, committed 98688K, reserved 1179648K
  class space    used 9734K, committed 10560K, reserved 1048576K
}

