# JRE version: Java(TM) SE Runtime Environment (24.0.1+9) (build 24.0.1+9-30)
# Java VM: Java HotSpot(TM) 64-Bit Server VM (24.0.1+9-30, mixed mode, sharing, tiered, compressed oops, compressed class ptrs, g1 gc, windows-amd64)
GC Precious Log:
 CardTable entry size: 512
 Card Set container configuration: InlinePtr #cards 4 size 8 Array Of Cards #cards 16 size 48 Howl #buckets 8 coarsen threshold 3686 Howl Bitmap #cards 512 size 80 coarsen threshold 460 Card regions per heap region 1 cards per card region 4096
 CPUs: 8 total, 8 available
 Memory: 10156M
 Large Page Support: Disabled
 NUMA Support: Disabled
 Compressed Oops: Enabled (Zero based)
 Heap Region Size: 2M
 Heap Min Capacity: 8M
 Heap Initial Capacity: 160M
 Heap Max Capacity: 2540M
 Pre-touch: Disabled
 Parallel Workers: 8
 Concurrent Workers: 2
 Concurrent Refinement Workers: 8
 Periodic GC: Disabled
Heap:
 garbage-first heap   total reserved 2600960K, committed 71680K, used 47206K [0x0000000761400000, 0x0000000800000000)
  region size 2048K, 11 young (22528K), 2 survivors (4096K)
 Metaspace       used 84682K, committed 85440K, reserved 1179648K
  class space    used 8677K, committed 9024K, reserved 1048576K
GC Heap History (20 events):
Event: 3961.317 GC heap before
{Heap before GC invocations=62 (full 8):
 garbage-first heap   total reserved 2600960K, committed 71680K, used 61534K [0x0000000761400000, 0x0000000800000000)
  region size 2048K, 12 young (24576K), 1 survivors (2048K)
 Metaspace       used 83868K, committed 84544K, reserved 1179648K
  class space    used 8601K, committed 8896K, reserved 1048576K
}
Event: 3961.320 GC heap after
{Heap after GC invocations=63 (full 8):
 garbage-first heap   total reserved 2600960K, committed 71680K, used 39019K [0x0000000761400000, 0x0000000800000000)
  region size 2048K, 1 young (2048K), 1 survivors (2048K)
 Metaspace       used 83868K, committed 84544K, reserved 1179648K
  class space    used 8601K, committed 8896K, reserved 1048576K
}
Event: 4507.537 GC heap before
{Heap before GC invocations=64 (full 8):
 garbage-first heap   total reserved 2600960K, committed 71680K, used 61547K [0x0000000761400000, 0x0000000800000000)
  region size 2048K, 12 young (24576K), 1 survivors (2048K)
 Metaspace       used 83858K, committed 84544K, reserved 1179648K
  class space    used 8599K, committed 8896K, reserved 1048576K
}
Event: 4507.539 GC heap after
{Heap after GC invocations=65 (full 8):
 garbage-first heap   total reserved 2600960K, committed 71680K, used 39082K [0x0000000761400000, 0x0000000800000000)
  region size 2048K, 1 young (2048K), 1 survivors (2048K)
 Metaspace       used 83858K, committed 84544K, reserved 1179648K
  class space    used 8599K, committed 8896K, reserved 1048576K
}
Event: 4944.725 GC heap before
{Heap before GC invocations=65 (full 8):
 garbage-first heap   total reserved 2600960K, committed 71680K, used 61610K [0x0000000761400000, 0x0000000800000000)
  region size 2048K, 12 young (24576K), 1 survivors (2048K)
 Metaspace       used 83891K, committed 84544K, reserved 1179648K
  class space    used 8601K, committed 8896K, reserved 1048576K
}
Event: 4944.727 GC heap after
{Heap after GC invocations=66 (full 8):
 garbage-first heap   total reserved 2600960K, committed 71680K, used 36974K [0x0000000761400000, 0x0000000800000000)
  region size 2048K, 2 young (4096K), 2 survivors (4096K)
 Metaspace       used 83891K, committed 84544K, reserved 1179648K
  class space    used 8601K, committed 8896K, reserved 1048576K
}
Event: 5461.931 GC heap before
{Heap before GC invocations=66 (full 8):
 garbage-first heap   total reserved 2600960K, committed 71680K, used 59502K [0x0000000761400000, 0x0000000800000000)
  region size 2048K, 13 young (26624K), 2 survivors (4096K)
 Metaspace       used 83908K, committed 84544K, reserved 1179648K
  class space    used 8601K, committed 8896K, reserved 1048576K
}
Event: 5461.934 GC heap after
{Heap after GC invocations=67 (full 8):
 garbage-first heap   total reserved 2600960K, committed 71680K, used 37097K [0x0000000761400000, 0x0000000800000000)
  region size 2048K, 1 young (2048K), 1 survivors (2048K)
 Metaspace       used 83908K, committed 84544K, reserved 1179648K
  class space    used 8601K, committed 8896K, reserved 1048576K
}
Event: 6059.433 GC heap before
{Heap before GC invocations=68 (full 8):
 garbage-first heap   total reserved 2600960K, committed 71680K, used 61673K [0x0000000761400000, 0x0000000800000000)
  region size 2048K, 13 young (26624K), 1 survivors (2048K)
 Metaspace       used 83901K, committed 84544K, reserved 1179648K
  class space    used 8599K, committed 8896K, reserved 1048576K
}
Event: 6059.435 GC heap after
{Heap after GC invocations=69 (full 8):
 garbage-first heap   total reserved 2600960K, committed 71680K, used 36989K [0x0000000761400000, 0x0000000800000000)
  region size 2048K, 1 young (2048K), 1 survivors (2048K)
 Metaspace       used 83901K, committed 84544K, reserved 1179648K
  class space    used 8599K, committed 8896K, reserved 1048576K
}
Event: 6285.024 GC heap before
{Heap before GC invocations=69 (full 8):
 garbage-first heap   total reserved 2600960K, committed 71680K, used 47229K [0x0000000761400000, 0x0000000800000000)
  region size 2048K, 7 young (14336K), 1 survivors (2048K)
 Metaspace       used 83925K, committed 84608K, reserved 1179648K
  class space    used 8599K, committed 8896K, reserved 1048576K
}
Event: 6285.123 GC heap after
{Heap after GC invocations=70 (full 9):
 garbage-first heap   total reserved 2600960K, committed 71680K, used 27661K [0x0000000761400000, 0x0000000800000000)
  region size 2048K, 0 young (0K), 0 survivors (0K)
 Metaspace       used 83884K, committed 84608K, reserved 1179648K
  class space    used 8588K, committed 8896K, reserved 1048576K
}
Event: 6285.558 GC heap before
{Heap before GC invocations=70 (full 9):
 garbage-first heap   total reserved 2600960K, committed 71680K, used 62477K [0x0000000761400000, 0x0000000800000000)
  region size 2048K, 17 young (34816K), 0 survivors (0K)
 Metaspace       used 84051K, committed 84736K, reserved 1179648K
  class space    used 8617K, committed 8896K, reserved 1048576K
}
Event: 6285.564 GC heap after
{Heap after GC invocations=71 (full 9):
 garbage-first heap   total reserved 2600960K, committed 71680K, used 31862K [0x0000000761400000, 0x0000000800000000)
  region size 2048K, 3 young (6144K), 3 survivors (6144K)
 Metaspace       used 84051K, committed 84736K, reserved 1179648K
  class space    used 8617K, committed 8896K, reserved 1048576K
}
Event: 6286.000 GC heap before
{Heap before GC invocations=72 (full 9):
 garbage-first heap   total reserved 2600960K, committed 71680K, used 54390K [0x0000000761400000, 0x0000000800000000)
  region size 2048K, 14 young (28672K), 3 survivors (6144K)
 Metaspace       used 84407K, committed 85120K, reserved 1179648K
  class space    used 8666K, committed 8960K, reserved 1048576K
}
Event: 6286.007 GC heap after
{Heap after GC invocations=73 (full 9):
 garbage-first heap   total reserved 2600960K, committed 71680K, used 35098K [0x0000000761400000, 0x0000000800000000)
  region size 2048K, 2 young (4096K), 2 survivors (4096K)
 Metaspace       used 84407K, committed 85120K, reserved 1179648K
  class space    used 8666K, committed 8960K, reserved 1048576K
}
Event: 6347.584 GC heap before
{Heap before GC invocations=73 (full 9):
 garbage-first heap   total reserved 2600960K, committed 71680K, used 49434K [0x0000000761400000, 0x0000000800000000)
  region size 2048K, 11 young (22528K), 2 survivors (4096K)
 Metaspace       used 84462K, committed 85248K, reserved 1179648K
  class space    used 8674K, committed 9024K, reserved 1048576K
}
Event: 6347.675 GC heap after
{Heap after GC invocations=74 (full 10):
 garbage-first heap   total reserved 2600960K, committed 71680K, used 29642K [0x0000000761400000, 0x0000000800000000)
  region size 2048K, 0 young (0K), 0 survivors (0K)
 Metaspace       used 84409K, committed 85248K, reserved 1179648K
  class space    used 8660K, committed 9024K, reserved 1048576K
}
Event: 6348.113 GC heap before
{Heap before GC invocations=74 (full 10):
 garbage-first heap   total reserved 2600960K, committed 71680K, used 60362K [0x0000000761400000, 0x0000000800000000)
  region size 2048K, 15 young (30720K), 0 survivors (0K)
 Metaspace       used 84493K, committed 85312K, reserved 1179648K
  class space    used 8664K, committed 9024K, reserved 1048576K
}
Event: 6348.116 GC heap after
{Heap after GC invocations=75 (full 10):
 garbage-first heap   total reserved 2600960K, committed 71680K, used 32870K [0x0000000761400000, 0x0000000800000000)
  region size 2048K, 2 young (4096K), 2 survivors (4096K)
 Metaspace       used 84493K, committed 85312K, reserved 1179648K
  class space    used 8664K, committed 9024K, reserved 1048576K
}

