# JRE version: OpenJDK Runtime Environment Temurin-21.0.8+9 (21.0.8+9) (build 21.0.8+9-LTS)
# Java VM: OpenJDK 64-Bit Server VM Temurin-21.0.8+9 (21.0.8+9-LTS, mixed mode, sharing, tiered, compressed oops, compressed class ptrs, g1 gc, windows-amd64)
GC Precious Log:
 CardTable entry size: 512
 Card Set container configuration: InlinePtr #cards 4 size 8 Array Of Cards #cards 16 size 48 Howl #buckets 8 coarsen threshold 3686 Howl Bitmap #cards 512 size 80 coarsen threshold 460 Card regions per heap region 1 cards per card region 4096
 CPUs: 8 total, 8 available
 Memory: 10156M
 Large Page Support: Disabled
 NUMA Support: Disabled
 Compressed Oops: Enabled (Zero based)
 Heap Region Size: 2M
 Heap Min Capacity: 8M
 Heap Initial Capacity: 160M
 Heap Max Capacity: 2540M
 Pre-touch: Disabled
 Parallel Workers: 8
 Concurrent Workers: 2
 Concurrent Refinement Workers: 8
 Periodic GC: Disabled
Heap:
 garbage-first heap   total 69632K, used 57481K [0x0000000761400000, 0x0000000800000000)
  region size 2048K, 15 young (30720K), 0 survivors (0K)
 Metaspace       used 80481K, committed 81280K, reserved 1179648K
  class space    used 10830K, committed 11200K, reserved 1048576K
GC Heap History (20 events):
Event: 663.367 GC heap before
{Heap before GC invocations=17 (full 0):
 garbage-first heap   total 69632K, used 60340K [0x0000000761400000, 0x0000000800000000)
  region size 2048K, 14 young (28672K), 1 survivors (2048K)
 Metaspace       used 77627K, committed 78400K, reserved 1179648K
  class space    used 10670K, committed 11008K, reserved 1048576K
}
Event: 663.370 GC heap after
{Heap after GC invocations=18 (full 0):
 garbage-first heap   total 69632K, used 34003K [0x0000000761400000, 0x0000000800000000)
  region size 2048K, 2 young (4096K), 2 survivors (4096K)
 Metaspace       used 77627K, committed 78400K, reserved 1179648K
  class space    used 10670K, committed 11008K, reserved 1048576K
}
Event: 1135.671 GC heap before
{Heap before GC invocations=19 (full 0):
 garbage-first heap   total 69632K, used 50387K [0x0000000761400000, 0x0000000800000000)
  region size 2048K, 11 young (22528K), 2 survivors (4096K)
 Metaspace       used 77739K, committed 78464K, reserved 1179648K
  class space    used 10694K, committed 11008K, reserved 1048576K
}
Event: 1135.748 GC heap after
{Heap after GC invocations=20 (full 1):
 garbage-first heap   total 69632K, used 28667K [0x0000000761400000, 0x0000000800000000)
  region size 2048K, 0 young (0K), 0 survivors (0K)
 Metaspace       used 77739K, committed 78464K, reserved 1179648K
  class space    used 10694K, committed 11008K, reserved 1048576K
}
Event: 1136.662 GC heap before
{Heap before GC invocations=20 (full 1):
 garbage-first heap   total 69632K, used 59387K [0x0000000761400000, 0x0000000800000000)
  region size 2048K, 15 young (30720K), 0 survivors (0K)
 Metaspace       used 78042K, committed 78784K, reserved 1179648K
  class space    used 10708K, committed 11008K, reserved 1048576K
}
Event: 1136.666 GC heap after
{Heap after GC invocations=21 (full 1):
 garbage-first heap   total 69632K, used 32029K [0x0000000761400000, 0x0000000800000000)
  region size 2048K, 2 young (4096K), 2 survivors (4096K)
 Metaspace       used 78042K, committed 78784K, reserved 1179648K
  class space    used 10708K, committed 11008K, reserved 1048576K
}
Event: 1139.298 GC heap before
{Heap before GC invocations=21 (full 1):
 garbage-first heap   total 69632K, used 56605K [0x0000000761400000, 0x0000000800000000)
  region size 2048K, 14 young (28672K), 2 survivors (4096K)
 Metaspace       used 78659K, committed 79424K, reserved 1179648K
  class space    used 10745K, committed 11072K, reserved 1048576K
}
Event: 1139.302 GC heap after
{Heap after GC invocations=22 (full 1):
 garbage-first heap   total 69632K, used 34058K [0x0000000761400000, 0x0000000800000000)
  region size 2048K, 2 young (4096K), 2 survivors (4096K)
 Metaspace       used 78659K, committed 79424K, reserved 1179648K
  class space    used 10745K, committed 11072K, reserved 1048576K
}
Event: 1139.623 GC heap before
{Heap before GC invocations=22 (full 1):
 garbage-first heap   total 69632K, used 54538K [0x0000000761400000, 0x0000000800000000)
  region size 2048K, 12 young (24576K), 2 survivors (4096K)
 Metaspace       used 78948K, committed 79744K, reserved 1179648K
  class space    used 10754K, committed 11072K, reserved 1048576K
}
Event: 1139.628 GC heap after
{Heap after GC invocations=23 (full 1):
 garbage-first heap   total 69632K, used 36204K [0x0000000761400000, 0x0000000800000000)
  region size 2048K, 2 young (4096K), 2 survivors (4096K)
 Metaspace       used 78948K, committed 79744K, reserved 1179648K
  class space    used 10754K, committed 11072K, reserved 1048576K
}
Event: 1198.299 GC heap before
{Heap before GC invocations=24 (full 1):
 garbage-first heap   total 69632K, used 40300K [0x0000000761400000, 0x0000000800000000)
  region size 2048K, 5 young (10240K), 2 survivors (4096K)
 Metaspace       used 79157K, committed 80000K, reserved 1179648K
  class space    used 10768K, committed 11136K, reserved 1048576K
}
Event: 1198.383 GC heap after
{Heap after GC invocations=25 (full 2):
 garbage-first heap   total 69632K, used 28450K [0x0000000761400000, 0x0000000800000000)
  region size 2048K, 0 young (0K), 0 survivors (0K)
 Metaspace       used 79154K, committed 80000K, reserved 1179648K
  class space    used 10767K, committed 11136K, reserved 1048576K
}
Event: 1199.320 GC heap before
{Heap before GC invocations=25 (full 2):
 garbage-first heap   total 69632K, used 59170K [0x0000000761400000, 0x0000000800000000)
  region size 2048K, 15 young (30720K), 0 survivors (0K)
 Metaspace       used 79462K, committed 80256K, reserved 1179648K
  class space    used 10781K, committed 11136K, reserved 1048576K
}
Event: 1199.323 GC heap after
{Heap after GC invocations=26 (full 2):
 garbage-first heap   total 69632K, used 31905K [0x0000000761400000, 0x0000000800000000)
  region size 2048K, 2 young (4096K), 2 survivors (4096K)
 Metaspace       used 79462K, committed 80256K, reserved 1179648K
  class space    used 10781K, committed 11136K, reserved 1048576K
}
Event: 1199.812 GC heap before
{Heap before GC invocations=26 (full 2):
 garbage-first heap   total 69632K, used 54433K [0x0000000761400000, 0x0000000800000000)
  region size 2048K, 14 young (28672K), 2 survivors (4096K)
 Metaspace       used 79913K, committed 80704K, reserved 1179648K
  class space    used 10796K, committed 11136K, reserved 1048576K
}
Event: 1199.817 GC heap after
{Heap after GC invocations=27 (full 2):
 garbage-first heap   total 69632K, used 33807K [0x0000000761400000, 0x0000000800000000)
  region size 2048K, 2 young (4096K), 2 survivors (4096K)
 Metaspace       used 79913K, committed 80704K, reserved 1179648K
  class space    used 10796K, committed 11136K, reserved 1048576K
}
Event: 1200.138 GC heap before
{Heap before GC invocations=27 (full 2):
 garbage-first heap   total 69632K, used 54287K [0x0000000761400000, 0x0000000800000000)
  region size 2048K, 12 young (24576K), 2 survivors (4096K)
 Metaspace       used 80232K, committed 81024K, reserved 1179648K
  class space    used 10815K, committed 11136K, reserved 1048576K
}
Event: 1200.142 GC heap after
{Heap after GC invocations=28 (full 2):
 garbage-first heap   total 69632K, used 35063K [0x0000000761400000, 0x0000000800000000)
  region size 2048K, 2 young (4096K), 2 survivors (4096K)
 Metaspace       used 80232K, committed 81024K, reserved 1179648K
  class space    used 10815K, committed 11136K, reserved 1048576K
}
Event: 1217.863 GC heap before
{Heap before GC invocations=29 (full 2):
 garbage-first heap   total 69632K, used 35063K [0x0000000761400000, 0x0000000800000000)
  region size 2048K, 3 young (6144K), 2 survivors (4096K)
 Metaspace       used 80253K, committed 81024K, reserved 1179648K
  class space    used 10815K, committed 11136K, reserved 1048576K
}
Event: 1217.938 GC heap after
{Heap after GC invocations=30 (full 3):
 garbage-first heap   total 69632K, used 28809K [0x0000000761400000, 0x0000000800000000)
  region size 2048K, 0 young (0K), 0 survivors (0K)
 Metaspace       used 80250K, committed 81024K, reserved 1179648K
  class space    used 10815K, committed 11136K, reserved 1048576K
}

